<?xml version="1.0" encoding="UTF-8" standalone="no"?>
<!DOCTYPE log SYSTEM "logger.dtd">
<log>
<record>
  <date>2019-09-10T09:45:07</date>
  <millis>1568083507540</millis>
  <sequence>0</sequence>
  <level>START</level>
  <class>com.kms.katalon.core.logging.XmlKeywordLogger</class>
  <method>startSuite</method>
  <thread>1</thread>
  <message>Start Test Suite : Test Suites/Daftar</message>
  <nestedLevel>0</nestedLevel>
  <property name="name">Daftar</property>
  <property name="description"></property>
  <property name="id">Test Suites/Daftar</property>
</record>
<record>
  <date>2019-09-10T09:45:07</date>
  <millis>1568083507580</millis>
  <sequence>1</sequence>
  <level>RUN_DATA</level>
  <class>com.kms.katalon.core.logging.XmlKeywordLogger</class>
  <method>logMessage</method>
  <thread>1</thread>
  <message>hostName = SOETIDJAN PALACE - FFA</message>
  <nestedLevel>0</nestedLevel>
  <property name="hostName">SOETIDJAN PALACE - FFA</property>
</record>
<record>
  <date>2019-09-10T09:45:07</date>
  <millis>1568083507585</millis>
  <sequence>2</sequence>
  <level>RUN_DATA</level>
  <class>com.kms.katalon.core.logging.XmlKeywordLogger</class>
  <method>logMessage</method>
  <thread>1</thread>
  <message>os = Windows 10 64bit</message>
  <nestedLevel>0</nestedLevel>
  <property name="os">Windows 10 64bit</property>
</record>
<record>
  <date>2019-09-10T09:45:07</date>
  <millis>1568083507586</millis>
  <sequence>3</sequence>
  <level>RUN_DATA</level>
  <class>com.kms.katalon.core.logging.XmlKeywordLogger</class>
  <method>logMessage</method>
  <thread>1</thread>
  <message>hostAddress = 10.20.41.23</message>
  <nestedLevel>0</nestedLevel>
  <property name="hostAddress">10.20.41.23</property>
</record>
<record>
  <date>2019-09-10T09:45:07</date>
  <millis>1568083507590</millis>
  <sequence>4</sequence>
  <level>RUN_DATA</level>
  <class>com.kms.katalon.core.logging.XmlKeywordLogger</class>
  <method>logMessage</method>
  <thread>1</thread>
  <message>katalonVersion = 6.1.5.3</message>
  <nestedLevel>0</nestedLevel>
  <property name="katalonVersion">6.1.5.3</property>
</record>
<record>
  <date>2019-09-10T09:45:08</date>
  <millis>1568083508725</millis>
  <sequence>5</sequence>
  <level>START</level>
  <class>com.kms.katalon.core.logging.XmlKeywordLogger</class>
  <method>startTest</method>
  <thread>1</thread>
  <message>Start Test Case : Test Cases/SignUpKode</message>
  <nestedLevel>1</nestedLevel>
  <property name="name">Test Cases/SignUpKode</property>
  <property name="description"></property>
  <property name="id">Test Cases/SignUpKode</property>
  <property name="source">C:\\Users\\SOETIDJAN PALACE\\Katalon Studio\\LoginKode\\Test Cases\\SignUpKode.tc</property>
  <property name="tag"></property>
  <property name="isOptional">false</property>
</record>
<record>
  <date>2019-09-10T09:45:08</date>
  <millis>1568083508841</millis>
  <sequence>6</sequence>
  <level>INFO</level>
  <class>com.kms.katalon.core.logging.XmlKeywordLogger</class>
  <method>logMessage</method>
  <thread>1</thread>
  <message>Evaluating variables for test case</message>
  <nestedLevel>1</nestedLevel>
</record>
<record>
  <date>2019-09-10T09:45:10</date>
  <millis>1568083510108</millis>
  <sequence>7</sequence>
  <level>START</level>
  <class>com.kms.katalon.core.logging.XmlKeywordLogger</class>
  <method>startKeyword</method>
  <thread>1</thread>
  <message>Start action : openBrowser(\&amp;quot;\&amp;quot;)</message>
  <nestedLevel>1</nestedLevel>
  <property name="startLine">16</property>
  <property name="stepIndex">1</property>
</record>
<record>
  <date>2019-09-10T09:45:10</date>
  <millis>1568083510994</millis>
  <sequence>8</sequence>
  <level>INFO</level>
  <class>com.kms.katalon.core.logging.XmlKeywordLogger</class>
  <method>logMessage</method>
  <thread>1</thread>
  <message>Opening browser</message>
  <nestedLevel>1</nestedLevel>
</record>
<record>
  <date>2019-09-10T09:45:11</date>
  <millis>1568083511034</millis>
  <sequence>9</sequence>
  <level>INFO</level>
  <class>com.kms.katalon.core.logging.XmlKeywordLogger</class>
  <method>logMessage</method>
  <thread>1</thread>
  <message>Starting &amp;apos;Chrome&amp;apos; driver</message>
  <nestedLevel>1</nestedLevel>
</record>
<record>
  <date>2019-09-10T09:45:11</date>
  <millis>1568083511156</millis>
  <sequence>10</sequence>
  <level>INFO</level>
  <class>com.kms.katalon.core.logging.XmlKeywordLogger</class>
  <method>logMessage</method>
  <thread>1</thread>
  <message>Action delay is set to 10 seconds</message>
  <nestedLevel>1</nestedLevel>
</record>
<record>
  <date>2019-09-10T09:45:20</date>
  <millis>1568083520037</millis>
  <sequence>14</sequence>
  <level>FAILED</level>
  <class>com.kms.katalon.core.logging.XmlKeywordLogger</class>
  <method>logMessage</method>
  <thread>1</thread>
  <message>Unable to open browser with url: &amp;apos;&amp;apos; (Root cause: com.kms.katalon.core.exception.StepFailedException: Unable to open browser with url: &amp;apos;&amp;apos;\r\n\tat com.kms.katalon.core.webui.keyword.internal.WebUIKeywordMain.stepFailed(WebUIKeywordMain.groovy:64)\r\n\tat com.kms.katalon.core.webui.keyword.internal.WebUIKeywordMain.runKeyword(WebUIKeywordMain.groovy:26)\r\n\tat com.kms.katalon.core.webui.keyword.builtin.OpenBrowserKeyword.openBrowser(OpenBrowserKeyword.groovy:81)\r\n\tat com.kms.katalon.core.webui.keyword.builtin.OpenBrowserKeyword.execute(OpenBrowserKeyword.groovy:67)\r\n\tat com.kms.katalon.core.keyword.internal.KeywordExecutor.executeKeywordForPlatform(KeywordExecutor.groovy:56)\r\n\tat com.kms.katalon.core.webui.keyword.WebUiBuiltInKeywords.openBrowser(WebUiBuiltInKeywords.groovy:60)\r\n\tat com.kms.katalon.core.webui.keyword.WebUiBuiltInKeywords$openBrowser.call(Unknown Source)\r\n\tat SignUpKode.run(SignUpKode:16)\r\n\tat com.kms.katalon.core.main.ScriptEngine.run(ScriptEngine.java:194)\r\n\tat com.kms.katalon.core.main.ScriptEngine.runScriptAsRawText(ScriptEngine.java:119)\r\n\tat com.kms.katalon.core.main.TestCaseExecutor.runScript(TestCaseExecutor.java:337)\r\n\tat com.kms.katalon.core.main.TestCaseExecutor.doExecute(TestCaseExecutor.java:328)\r\n\tat com.kms.katalon.core.main.TestCaseExecutor.processExecutionPhase(TestCaseExecutor.java:307)\r\n\tat com.kms.katalon.core.main.TestCaseExecutor.accessMainPhase(TestCaseExecutor.java:299)\r\n\tat com.kms.katalon.core.main.TestCaseExecutor.execute(TestCaseExecutor.java:233)\r\n\tat com.kms.katalon.core.main.TestSuiteExecutor.accessTestCaseMainPhase(TestSuiteExecutor.java:133)\r\n\tat com.kms.katalon.core.main.TestSuiteExecutor.accessTestSuiteMainPhase(TestSuiteExecutor.java:116)\r\n\tat com.kms.katalon.core.main.TestSuiteExecutor.execute(TestSuiteExecutor.java:83)\r\n\tat com.kms.katalon.core.main.TestCaseMain.startTestSuite(TestCaseMain.java:157)\r\n\tat com.kms.katalon.core.main.TestCaseMain$startTestSuite$0.call(Unknown Source)\r\n\tat TempTestSuite1568083501028.run(TempTestSuite1568083501028.groovy:35)\r\nCaused by: org.openqa.selenium.SessionNotCreatedException: session not created: This version of ChromeDriver only supports Chrome version 74\n  (Driver info: chromedriver=74.0.3729.6 (255758eccf3d244491b8a1317aa76e1ce10d57e9-refs/branch-heads/3729@{#29}),platform=Windows NT 10.0.17134 x86_64) (WARNING: The server did not provide any stacktrace information)\nCommand duration or timeout: 2.73 seconds\nBuild info: version: &amp;apos;3.7.1&amp;apos;, revision: &amp;apos;8a0099a&amp;apos;, time: &amp;apos;2017-11-06T21:07:36.161Z&amp;apos;\nSystem info: host: &amp;apos;FFA&amp;apos;, ip: &amp;apos;10.20.41.23&amp;apos;, os.name: &amp;apos;Windows 10&amp;apos;, os.arch: &amp;apos;amd64&amp;apos;, os.version: &amp;apos;10.0&amp;apos;, java.version: &amp;apos;1.8.0_181&amp;apos;\nDriver info: driver.version: CChromeDriver\r\n\tat org.openqa.selenium.remote.ErrorHandler.createThrowable(ErrorHandler.java:214)\r\n\tat org.openqa.selenium.remote.ErrorHandler.throwIfResponseFailed(ErrorHandler.java:166)\r\n\tat org.openqa.selenium.remote.JsonWireProtocolResponse.lambda$new$0(JsonWireProtocolResponse.java:53)\r\n\tat org.openqa.selenium.remote.JsonWireProtocolResponse.lambda$getResponseFunction$2(JsonWireProtocolResponse.java:91)\r\n\tat org.openqa.selenium.remote.ProtocolHandshake.lambda$createSession$0(ProtocolHandshake.java:123)\r\n\tat org.openqa.selenium.remote.ProtocolHandshake.createSession(ProtocolHandshake.java:126)\r\n\tat org.openqa.selenium.remote.ProtocolHandshake.createSession(ProtocolHandshake.java:73)\r\n\tat org.openqa.selenium.remote.HttpCommandExecutor.execute(HttpCommandExecutor.java:142)\r\n\tat org.openqa.selenium.remote.service.DriverCommandExecutor.execute(DriverCommandExecutor.java:83)\r\n\tat org.openqa.selenium.remote.RemoteWebDriver.execute(RemoteWebDriver.java:600)\r\n\tat com.kms.katalon.selenium.driver.CChromeDriver.execute(CChromeDriver.java:20)\r\n\tat org.openqa.selenium.remote.RemoteWebDriver.startSession(RemoteWebDriver.java:219)\r\n\tat org.openqa.selenium.remote.RemoteWebDriver.&amp;lt;init&amp;gt;(RemoteWebDriver.java:142)\r\n\tat org.openqa.selenium.chrome.ChromeDriver.&amp;lt;init&amp;gt;(ChromeDriver.java:181)\r\n\tat org.openqa.selenium.chrome.ChromeDriver.&amp;lt;init&amp;gt;(ChromeDriver.java:147)\r\n\tat com.kms.katalon.selenium.driver.CChromeDriver.&amp;lt;init&amp;gt;(CChromeDriver.java:13)\r\n\tat com.kms.katalon.core.webui.driver.DriverFactory.createNewChromeDriver(DriverFactory.java:281)\r\n\tat com.kms.katalon.core.webui.driver.DriverFactory.startNewBrowser(DriverFactory.java:243)\r\n\tat com.kms.katalon.core.webui.driver.DriverFactory.openWebDriver(DriverFactory.java:188)\r\n\tat com.kms.katalon.core.webui.keyword.builtin.OpenBrowserKeyword$_openBrowser_closure1.doCall(OpenBrowserKeyword.groovy:74)\r\n\tat com.kms.katalon.core.webui.keyword.builtin.OpenBrowserKeyword$_openBrowser_closure1.call(OpenBrowserKeyword.groovy)\r\n\tat com.kms.katalon.core.webui.keyword.internal.WebUIKeywordMain.runKeyword(WebUIKeywordMain.groovy:20)\r\n\tat com.kms.katalon.core.webui.keyword.builtin.OpenBrowserKeyword.openBrowser(OpenBrowserKeyword.groovy:81)\r\n\tat com.kms.katalon.core.webui.keyword.builtin.OpenBrowserKeyword.execute(OpenBrowserKeyword.groovy:67)\r\n\tat com.kms.katalon.core.keyword.internal.KeywordExecutor.executeKeywordForPlatform(KeywordExecutor.groovy:56)\r\n\tat com.kms.katalon.core.webui.keyword.WebUiBuiltInKeywords.openBrowser(WebUiBuiltInKeywords.groovy:60)\r\n\tat com.kms.katalon.core.webui.keyword.WebUiBuiltInKeywords$openBrowser.call(Unknown Source)\r\n\tat Script1568000954287.run(Script1568000954287.groovy:16)\r\n\t... 13 more\r\n)</message>
  <nestedLevel>1</nestedLevel>
  <property name="failed.exception.class">org.openqa.selenium.SessionNotCreatedException</property>
  <property name="failed.exception.stacktrace">org.openqa.selenium.SessionNotCreatedException: session not created: This version of ChromeDriver only supports Chrome version 74\n  (Driver info: chromedriver=74.0.3729.6 (255758eccf3d244491b8a1317aa76e1ce10d57e9-refs/branch-heads/3729@{#29}),platform=Windows NT 10.0.17134 x86_64) (WARNING: The server did not provide any stacktrace information)\nCommand duration or timeout: 2.73 seconds\nBuild info: version: &apos;3.7.1&apos;, revision: &apos;8a0099a&apos;, time: &apos;2017-11-06T21:07:36.161Z&apos;\nSystem info: host: &apos;FFA&apos;, ip: &apos;10.20.41.23&apos;, os.name: &apos;Windows 10&apos;, os.arch: &apos;amd64&apos;, os.version: &apos;10.0&apos;, java.version: &apos;1.8.0_181&apos;\nDriver info: driver.version: CChromeDriver\r\n\tat org.openqa.selenium.remote.ErrorHandler.createThrowable(ErrorHandler.java:214)\r\n\tat org.openqa.selenium.remote.ErrorHandler.throwIfResponseFailed(ErrorHandler.java:166)\r\n\tat org.openqa.selenium.remote.JsonWireProtocolResponse.lambda$new$0(JsonWireProtocolResponse.java:53)\r\n\tat org.openqa.selenium.remote.JsonWireProtocolResponse.lambda$getResponseFunction$2(JsonWireProtocolResponse.java:91)\r\n\tat org.openqa.selenium.remote.ProtocolHandshake.lambda$createSession$0(ProtocolHandshake.java:123)\r\n\tat org.openqa.selenium.remote.ProtocolHandshake.createSession(ProtocolHandshake.java:126)\r\n\tat org.openqa.selenium.remote.ProtocolHandshake.createSession(ProtocolHandshake.java:73)\r\n\tat org.openqa.selenium.remote.HttpCommandExecutor.execute(HttpCommandExecutor.java:142)\r\n\tat org.openqa.selenium.remote.service.DriverCommandExecutor.execute(DriverCommandExecutor.java:83)\r\n\tat org.openqa.selenium.remote.RemoteWebDriver.execute(RemoteWebDriver.java:600)\r\n\tat com.kms.katalon.selenium.driver.CChromeDriver.execute(CChromeDriver.java:20)\r\n\tat org.openqa.selenium.remote.RemoteWebDriver.startSession(RemoteWebDriver.java:219)\r\n\tat org.openqa.selenium.remote.RemoteWebDriver.&lt;init&gt;(RemoteWebDriver.java:142)\r\n\tat org.openqa.selenium.chrome.ChromeDriver.&lt;init&gt;(ChromeDriver.java:181)\r\n\tat org.openqa.selenium.chrome.ChromeDriver.&lt;init&gt;(ChromeDriver.java:147)\r\n\tat com.kms.katalon.selenium.driver.CChromeDriver.&lt;init&gt;(CChromeDriver.java:13)\r\n\tat com.kms.katalon.core.webui.driver.DriverFactory.createNewChromeDriver(DriverFactory.java:281)\r\n\tat com.kms.katalon.core.webui.driver.DriverFactory.startNewBrowser(DriverFactory.java:243)\r\n\tat com.kms.katalon.core.webui.driver.DriverFactory.openWebDriver(DriverFactory.java:188)\r\n\tat com.kms.katalon.core.webui.keyword.builtin.OpenBrowserKeyword$_openBrowser_closure1.doCall(OpenBrowserKeyword.groovy:74)\r\n\tat com.kms.katalon.core.webui.keyword.builtin.OpenBrowserKeyword$_openBrowser_closure1.call(OpenBrowserKeyword.groovy)\r\n\tat com.kms.katalon.core.webui.keyword.internal.WebUIKeywordMain.runKeyword(WebUIKeywordMain.groovy:20)\r\n\tat com.kms.katalon.core.webui.keyword.builtin.OpenBrowserKeyword.openBrowser(OpenBrowserKeyword.groovy:81)\r\n\tat com.kms.katalon.core.webui.keyword.builtin.OpenBrowserKeyword.execute(OpenBrowserKeyword.groovy:67)\r\n\tat com.kms.katalon.core.keyword.internal.KeywordExecutor.executeKeywordForPlatform(KeywordExecutor.groovy:56)\r\n\tat com.kms.katalon.core.webui.keyword.WebUiBuiltInKeywords.openBrowser(WebUiBuiltInKeywords.groovy:60)\r\n\tat com.kms.katalon.core.webui.keyword.WebUiBuiltInKeywords$openBrowser.call(Unknown Source)\r\n\tat SignUpKode.run(SignUpKode:16)\r\n\tat com.kms.katalon.core.main.ScriptEngine.run(ScriptEngine.java:194)\r\n\tat com.kms.katalon.core.main.ScriptEngine.runScriptAsRawText(ScriptEngine.java:119)\r\n\tat com.kms.katalon.core.main.TestCaseExecutor.runScript(TestCaseExecutor.java:337)\r\n\tat com.kms.katalon.core.main.TestCaseExecutor.doExecute(TestCaseExecutor.java:328)\r\n\tat com.kms.katalon.core.main.TestCaseExecutor.processExecutionPhase(TestCaseExecutor.java:307)\r\n\tat com.kms.katalon.core.main.TestCaseExecutor.accessMainPhase(TestCaseExecutor.java:299)\r\n\tat com.kms.katalon.core.main.TestCaseExecutor.execute(TestCaseExecutor.java:233)\r\n\tat com.kms.katalon.core.main.TestSuiteExecutor.accessTestCaseMainPhase(TestSuiteExecutor.java:133)\r\n\tat com.kms.katalon.core.main.TestSuiteExecutor.accessTestSuiteMainPhase(TestSuiteExecutor.java:116)\r\n\tat com.kms.katalon.core.main.TestSuiteExecutor.execute(TestSuiteExecutor.java:83)\r\n\tat com.kms.katalon.core.main.TestCaseMain.startTestSuite(TestCaseMain.java:157)\r\n\tat com.kms.katalon.core.main.TestCaseMain$startTestSuite$0.call(Unknown Source)\r\n\tat TempTestSuite1568083501028.run(TempTestSuite1568083501028.groovy:35)\r\n</property>
  <property name="failed.exception.message">session not created: This version of ChromeDriver only supports Chrome version 74\n  (Driver info: chromedriver=74.0.3729.6 (255758eccf3d244491b8a1317aa76e1ce10d57e9-refs/branch-heads/3729@{#29}),platform=Windows NT 10.0.17134 x86_64) (WARNING: The server did not provide any stacktrace information)\nCommand duration or timeout: 2.73 seconds\nBuild info: version: &apos;3.7.1&apos;, revision: &apos;8a0099a&apos;, time: &apos;2017-11-06T21:07:36.161Z&apos;\nSystem info: host: &apos;FFA&apos;, ip: &apos;10.20.41.23&apos;, os.name: &apos;Windows 10&apos;, os.arch: &apos;amd64&apos;, os.version: &apos;10.0&apos;, java.version: &apos;1.8.0_181&apos;\nDriver info: driver.version: CChromeDriver</property>
</record>
<record>
  <date>2019-09-10T09:45:20</date>
  <millis>1568083520057</millis>
  <sequence>15</sequence>
  <level>END</level>
  <class>com.kms.katalon.core.logging.XmlKeywordLogger</class>
  <method>endKeyword</method>
  <thread>1</thread>
  <message>End action : openBrowser(\&amp;quot;\&amp;quot;)</message>
  <nestedLevel>1</nestedLevel>
</record>
<record>
  <date>2019-09-10T09:45:20</date>
  <millis>1568083520103</millis>
  <sequence>18</sequence>
  <level>FAILED</level>
  <class>com.kms.katalon.core.logging.XmlKeywordLogger</class>
  <method>logMessage</method>
  <thread>1</thread>
  <message>Test Cases/SignUpKode FAILED.\nReason:\ncom.kms.katalon.core.exception.StepFailedException: Unable to open browser with url: &amp;apos;&amp;apos;\r\n\tat com.kms.katalon.core.webui.keyword.internal.WebUIKeywordMain.stepFailed(WebUIKeywordMain.groovy:64)\r\n\tat com.kms.katalon.core.webui.keyword.internal.WebUIKeywordMain.runKeyword(WebUIKeywordMain.groovy:26)\r\n\tat com.kms.katalon.core.webui.keyword.builtin.OpenBrowserKeyword.openBrowser(OpenBrowserKeyword.groovy:81)\r\n\tat com.kms.katalon.core.webui.keyword.builtin.OpenBrowserKeyword.execute(OpenBrowserKeyword.groovy:67)\r\n\tat com.kms.katalon.core.keyword.internal.KeywordExecutor.executeKeywordForPlatform(KeywordExecutor.groovy:56)\r\n\tat com.kms.katalon.core.webui.keyword.WebUiBuiltInKeywords.openBrowser(WebUiBuiltInKeywords.groovy:60)\r\n\tat com.kms.katalon.core.webui.keyword.WebUiBuiltInKeywords$openBrowser.call(Unknown Source)\r\n\tat SignUpKode.run(SignUpKode:16)\r\n\tat com.kms.katalon.core.main.ScriptEngine.run(ScriptEngine.java:194)\r\n\tat com.kms.katalon.core.main.ScriptEngine.runScriptAsRawText(ScriptEngine.java:119)\r\n\tat com.kms.katalon.core.main.TestCaseExecutor.runScript(TestCaseExecutor.java:337)\r\n\tat com.kms.katalon.core.main.TestCaseExecutor.doExecute(TestCaseExecutor.java:328)\r\n\tat com.kms.katalon.core.main.TestCaseExecutor.processExecutionPhase(TestCaseExecutor.java:307)\r\n\tat com.kms.katalon.core.main.TestCaseExecutor.accessMainPhase(TestCaseExecutor.java:299)\r\n\tat com.kms.katalon.core.main.TestCaseExecutor.execute(TestCaseExecutor.java:233)\r\n\tat com.kms.katalon.core.main.TestSuiteExecutor.accessTestCaseMainPhase(TestSuiteExecutor.java:133)\r\n\tat com.kms.katalon.core.main.TestSuiteExecutor.accessTestSuiteMainPhase(TestSuiteExecutor.java:116)\r\n\tat com.kms.katalon.core.main.TestSuiteExecutor.execute(TestSuiteExecutor.java:83)\r\n\tat com.kms.katalon.core.main.TestCaseMain.startTestSuite(TestCaseMain.java:157)\r\n\tat com.kms.katalon.core.main.TestCaseMain$startTestSuite$0.call(Unknown Source)\r\n\tat TempTestSuite1568083501028.run(TempTestSuite1568083501028.groovy:35)\r\nCaused by: org.openqa.selenium.SessionNotCreatedException: session not created: This version of ChromeDriver only supports Chrome version 74\n  (Driver info: chromedriver=74.0.3729.6 (255758eccf3d244491b8a1317aa76e1ce10d57e9-refs/branch-heads/3729@{#29}),platform=Windows NT 10.0.17134 x86_64) (WARNING: The server did not provide any stacktrace information)\nCommand duration or timeout: 2.73 seconds\nBuild info: version: &amp;apos;3.7.1&amp;apos;, revision: &amp;apos;8a0099a&amp;apos;, time: &amp;apos;2017-11-06T21:07:36.161Z&amp;apos;\nSystem info: host: &amp;apos;FFA&amp;apos;, ip: &amp;apos;10.20.41.23&amp;apos;, os.name: &amp;apos;Windows 10&amp;apos;, os.arch: &amp;apos;amd64&amp;apos;, os.version: &amp;apos;10.0&amp;apos;, java.version: &amp;apos;1.8.0_181&amp;apos;\nDriver info: driver.version: CChromeDriver\r\n\tat org.openqa.selenium.remote.ErrorHandler.createThrowable(ErrorHandler.java:214)\r\n\tat org.openqa.selenium.remote.ErrorHandler.throwIfResponseFailed(ErrorHandler.java:166)\r\n\tat org.openqa.selenium.remote.JsonWireProtocolResponse.lambda$new$0(JsonWireProtocolResponse.java:53)\r\n\tat org.openqa.selenium.remote.JsonWireProtocolResponse.lambda$getResponseFunction$2(JsonWireProtocolResponse.java:91)\r\n\tat org.openqa.selenium.remote.ProtocolHandshake.lambda$createSession$0(ProtocolHandshake.java:123)\r\n\tat org.openqa.selenium.remote.ProtocolHandshake.createSession(ProtocolHandshake.java:126)\r\n\tat org.openqa.selenium.remote.ProtocolHandshake.createSession(ProtocolHandshake.java:73)\r\n\tat org.openqa.selenium.remote.HttpCommandExecutor.execute(HttpCommandExecutor.java:142)\r\n\tat org.openqa.selenium.remote.service.DriverCommandExecutor.execute(DriverCommandExecutor.java:83)\r\n\tat org.openqa.selenium.remote.RemoteWebDriver.execute(RemoteWebDriver.java:600)\r\n\tat com.kms.katalon.selenium.driver.CChromeDriver.execute(CChromeDriver.java:20)\r\n\tat org.openqa.selenium.remote.RemoteWebDriver.startSession(RemoteWebDriver.java:219)\r\n\tat org.openqa.selenium.remote.RemoteWebDriver.&amp;lt;init&amp;gt;(RemoteWebDriver.java:142)\r\n\tat org.openqa.selenium.chrome.ChromeDriver.&amp;lt;init&amp;gt;(ChromeDriver.java:181)\r\n\tat org.openqa.selenium.chrome.ChromeDriver.&amp;lt;init&amp;gt;(ChromeDriver.java:147)\r\n\tat com.kms.katalon.selenium.driver.CChromeDriver.&amp;lt;init&amp;gt;(CChromeDriver.java:13)\r\n\tat com.kms.katalon.core.webui.driver.DriverFactory.createNewChromeDriver(DriverFactory.java:281)\r\n\tat com.kms.katalon.core.webui.driver.DriverFactory.startNewBrowser(DriverFactory.java:243)\r\n\tat com.kms.katalon.core.webui.driver.DriverFactory.openWebDriver(DriverFactory.java:188)\r\n\tat com.kms.katalon.core.webui.keyword.builtin.OpenBrowserKeyword$_openBrowser_closure1.doCall(OpenBrowserKeyword.groovy:74)\r\n\tat com.kms.katalon.core.webui.keyword.builtin.OpenBrowserKeyword$_openBrowser_closure1.call(OpenBrowserKeyword.groovy)\r\n\tat com.kms.katalon.core.webui.keyword.internal.WebUIKeywordMain.runKeyword(WebUIKeywordMain.groovy:20)\r\n\t... 19 more\r\n</message>
  <exception>
    <message>com.kms.katalon.core.exception.StepFailedException: Unable to open browser with url: ''</message>
    <frame>
      <class>com.kms.katalon.core.webui.keyword.internal.WebUIKeywordMain</class>
      <method>stepFailed</method>
      <line>64</line>
    </frame>
    <frame>
      <class>com.kms.katalon.core.webui.keyword.internal.WebUIKeywordMain</class>
      <method>runKeyword</method>
      <line>26</line>
    </frame>
    <frame>
      <class>com.kms.katalon.core.webui.keyword.builtin.OpenBrowserKeyword</class>
      <method>openBrowser</method>
      <line>81</line>
    </frame>
    <frame>
      <class>com.kms.katalon.core.webui.keyword.builtin.OpenBrowserKeyword</class>
      <method>execute</method>
      <line>67</line>
    </frame>
    <frame>
      <class>com.kms.katalon.core.keyword.internal.KeywordExecutor</class>
      <method>executeKeywordForPlatform</method>
      <line>56</line>
    </frame>
    <frame>
      <class>com.kms.katalon.core.webui.keyword.WebUiBuiltInKeywords</class>
      <method>openBrowser</method>
      <line>60</line>
    </frame>
    <frame>
      <class>com.kms.katalon.core.webui.keyword.WebUiBuiltInKeywords$openBrowser</class>
      <method>call</method>
    </frame>
    <frame>
      <class>SignUpKode</class>
      <method>run</method>
      <line>16</line>
    </frame>
    <frame>
      <class>com.kms.katalon.core.main.ScriptEngine</class>
      <method>run</method>
      <line>194</line>
    </frame>
    <frame>
      <class>com.kms.katalon.core.main.ScriptEngine</class>
      <method>runScriptAsRawText</method>
      <line>119</line>
    </frame>
    <frame>
      <class>com.kms.katalon.core.main.TestCaseExecutor</class>
      <method>runScript</method>
      <line>337</line>
    </frame>
    <frame>
      <class>com.kms.katalon.core.main.TestCaseExecutor</class>
      <method>doExecute</method>
      <line>328</line>
    </frame>
    <frame>
      <class>com.kms.katalon.core.main.TestCaseExecutor</class>
      <method>processExecutionPhase</method>
      <line>307</line>
    </frame>
    <frame>
      <class>com.kms.katalon.core.main.TestCaseExecutor</class>
      <method>accessMainPhase</method>
      <line>299</line>
    </frame>
    <frame>
      <class>com.kms.katalon.core.main.TestCaseExecutor</class>
      <method>execute</method>
      <line>233</line>
    </frame>
    <frame>
      <class>com.kms.katalon.core.main.TestSuiteExecutor</class>
      <method>accessTestCaseMainPhase</method>
      <line>133</line>
    </frame>
    <frame>
      <class>com.kms.katalon.core.main.TestSuiteExecutor</class>
      <method>accessTestSuiteMainPhase</method>
      <line>116</line>
    </frame>
    <frame>
      <class>com.kms.katalon.core.main.TestSuiteExecutor</class>
      <method>execute</method>
      <line>83</line>
    </frame>
    <frame>
      <class>com.kms.katalon.core.main.TestCaseMain</class>
      <method>startTestSuite</method>
      <line>157</line>
    </frame>
    <frame>
      <class>com.kms.katalon.core.main.TestCaseMain$startTestSuite$0</class>
      <method>call</method>
    </frame>
    <frame>
      <class>TempTestSuite1568083501028</class>
      <method>run</method>
      <line>35</line>
    </frame>
  </exception>
  <nestedLevel>0</nestedLevel>
  <property name="failed.exception.stacktrace">org.openqa.selenium.SessionNotCreatedException: session not created: This version of ChromeDriver only supports Chrome version 74\n  (Driver info: chromedriver=74.0.3729.6 (255758eccf3d244491b8a1317aa76e1ce10d57e9-refs/branch-heads/3729@{#29}),platform=Windows NT 10.0.17134 x86_64) (WARNING: The server did not provide any stacktrace information)\nCommand duration or timeout: 2.73 seconds\nBuild info: version: &apos;3.7.1&apos;, revision: &apos;8a0099a&apos;, time: &apos;2017-11-06T21:07:36.161Z&apos;\nSystem info: host: &apos;FFA&apos;, ip: &apos;10.20.41.23&apos;, os.name: &apos;Windows 10&apos;, os.arch: &apos;amd64&apos;, os.version: &apos;10.0&apos;, java.version: &apos;1.8.0_181&apos;\nDriver info: driver.version: CChromeDriver\r\n\tat org.openqa.selenium.remote.ErrorHandler.createThrowable(ErrorHandler.java:214)\r\n\tat org.openqa.selenium.remote.ErrorHandler.throwIfResponseFailed(ErrorHandler.java:166)\r\n\tat org.openqa.selenium.remote.JsonWireProtocolResponse.lambda$new$0(JsonWireProtocolResponse.java:53)\r\n\tat org.openqa.selenium.remote.JsonWireProtocolResponse.lambda$getResponseFunction$2(JsonWireProtocolResponse.java:91)\r\n\tat org.openqa.selenium.remote.ProtocolHandshake.lambda$createSession$0(ProtocolHandshake.java:123)\r\n\tat org.openqa.selenium.remote.ProtocolHandshake.createSession(ProtocolHandshake.java:126)\r\n\tat org.openqa.selenium.remote.ProtocolHandshake.createSession(ProtocolHandshake.java:73)\r\n\tat org.openqa.selenium.remote.HttpCommandExecutor.execute(HttpCommandExecutor.java:142)\r\n\tat org.openqa.selenium.remote.service.DriverCommandExecutor.execute(DriverCommandExecutor.java:83)\r\n\tat org.openqa.selenium.remote.RemoteWebDriver.execute(RemoteWebDriver.java:600)\r\n\tat com.kms.katalon.selenium.driver.CChromeDriver.execute(CChromeDriver.java:20)\r\n\tat org.openqa.selenium.remote.RemoteWebDriver.startSession(RemoteWebDriver.java:219)\r\n\tat org.openqa.selenium.remote.RemoteWebDriver.&lt;init&gt;(RemoteWebDriver.java:142)\r\n\tat org.openqa.selenium.chrome.ChromeDriver.&lt;init&gt;(ChromeDriver.java:181)\r\n\tat org.openqa.selenium.chrome.ChromeDriver.&lt;init&gt;(ChromeDriver.java:147)\r\n\tat com.kms.katalon.selenium.driver.CChromeDriver.&lt;init&gt;(CChromeDriver.java:13)\r\n\tat com.kms.katalon.core.webui.driver.DriverFactory.createNewChromeDriver(DriverFactory.java:281)\r\n\tat com.kms.katalon.core.webui.driver.DriverFactory.startNewBrowser(DriverFactory.java:243)\r\n\tat com.kms.katalon.core.webui.driver.DriverFactory.openWebDriver(DriverFactory.java:188)\r\n\tat com.kms.katalon.core.webui.keyword.builtin.OpenBrowserKeyword$_openBrowser_closure1.doCall(OpenBrowserKeyword.groovy:74)\r\n\tat com.kms.katalon.core.webui.keyword.builtin.OpenBrowserKeyword$_openBrowser_closure1.call(OpenBrowserKeyword.groovy)\r\n\tat com.kms.katalon.core.webui.keyword.internal.WebUIKeywordMain.runKeyword(WebUIKeywordMain.groovy:20)\r\n\tat com.kms.katalon.core.webui.keyword.builtin.OpenBrowserKeyword.openBrowser(OpenBrowserKeyword.groovy:81)\r\n\tat com.kms.katalon.core.webui.keyword.builtin.OpenBrowserKeyword.execute(OpenBrowserKeyword.groovy:67)\r\n\tat com.kms.katalon.core.keyword.internal.KeywordExecutor.executeKeywordForPlatform(KeywordExecutor.groovy:56)\r\n\tat com.kms.katalon.core.webui.keyword.WebUiBuiltInKeywords.openBrowser(WebUiBuiltInKeywords.groovy:60)\r\n\tat com.kms.katalon.core.webui.keyword.WebUiBuiltInKeywords$openBrowser.call(Unknown Source)\r\n\tat SignUpKode.run(SignUpKode:16)\r\n\tat com.kms.katalon.core.main.ScriptEngine.run(ScriptEngine.java:194)\r\n\tat com.kms.katalon.core.main.ScriptEngine.runScriptAsRawText(ScriptEngine.java:119)\r\n\tat com.kms.katalon.core.main.TestCaseExecutor.runScript(TestCaseExecutor.java:337)\r\n\tat com.kms.katalon.core.main.TestCaseExecutor.doExecute(TestCaseExecutor.java:328)\r\n\tat com.kms.katalon.core.main.TestCaseExecutor.processExecutionPhase(TestCaseExecutor.java:307)\r\n\tat com.kms.katalon.core.main.TestCaseExecutor.accessMainPhase(TestCaseExecutor.java:299)\r\n\tat com.kms.katalon.core.main.TestCaseExecutor.execute(TestCaseExecutor.java:233)\r\n\tat com.kms.katalon.core.main.TestSuiteExecutor.accessTestCaseMainPhase(TestSuiteExecutor.java:133)\r\n\tat com.kms.katalon.core.main.TestSuiteExecutor.accessTestSuiteMainPhase(TestSuiteExecutor.java:116)\r\n\tat com.kms.katalon.core.main.TestSuiteExecutor.execute(TestSuiteExecutor.java:83)\r\n\tat com.kms.katalon.core.main.TestCaseMain.startTestSuite(TestCaseMain.java:157)\r\n\tat com.kms.katalon.core.main.TestCaseMain$startTestSuite$0.call(Unknown Source)\r\n\tat TempTestSuite1568083501028.run(TempTestSuite1568083501028.groovy:35)\r\n</property>
  <property name="failed.exception.class">org.openqa.selenium.SessionNotCreatedException</property>
  <property name="failed.exception.message">session not created: This version of ChromeDriver only supports Chrome version 74\n  (Driver info: chromedriver=74.0.3729.6 (255758eccf3d244491b8a1317aa76e1ce10d57e9-refs/branch-heads/3729@{#29}),platform=Windows NT 10.0.17134 x86_64) (WARNING: The server did not provide any stacktrace information)\nCommand duration or timeout: 2.73 seconds\nBuild info: version: &apos;3.7.1&apos;, revision: &apos;8a0099a&apos;, time: &apos;2017-11-06T21:07:36.161Z&apos;\nSystem info: host: &apos;FFA&apos;, ip: &apos;10.20.41.23&apos;, os.name: &apos;Windows 10&apos;, os.arch: &apos;amd64&apos;, os.version: &apos;10.0&apos;, java.version: &apos;1.8.0_181&apos;\nDriver info: driver.version: CChromeDriver</property>
</record>
<record>
  <date>2019-09-10T09:45:20</date>
  <millis>1568083520171</millis>
  <sequence>20</sequence>
  <level>END</level>
  <class>com.kms.katalon.core.logging.XmlKeywordLogger</class>
  <method>endTest</method>
  <thread>1</thread>
  <message>End Test Case : Test Cases/SignUpKode</message>
  <nestedLevel>0</nestedLevel>
</record>
<record>
  <date>2019-09-10T09:45:20</date>
  <millis>1568083520346</millis>
  <sequence>21</sequence>
  <level>END</level>
  <class>com.kms.katalon.core.logging.XmlKeywordLogger</class>
  <method>endSuite</method>
  <thread>1</thread>
  <message>End Test Suite : Test Suites/Daftar</message>
  <nestedLevel>0</nestedLevel>
</record>
</log>
<?xml version="1.0" encoding="UTF-8" standalone="no"?>
<!DOCTYPE log SYSTEM "logger.dtd">
<log>
<record>
  <date>2019-09-10T12:11:12</date>
  <millis>1568092272736</millis>
  <sequence>292</sequence>
  <level>RUN_DATA</level>
  <class>com.kms.katalon.core.logging.XmlKeywordLogger</class>
  <method>logMessage</method>
  <thread>252</thread>
  <message>deviceId = f8c9a71</message>
  <nestedLevel>0</nestedLevel>
  <property name="deviceId">f8c9a71</property>
</record>
<record>
  <date>2019-09-10T12:11:13</date>
  <millis>1568092273009</millis>
  <sequence>293</sequence>
  <level>RUN_DATA</level>
  <class>com.kms.katalon.core.logging.XmlKeywordLogger</class>
  <method>logMessage</method>
  <thread>252</thread>
  <message>deviceName = Xiaomi Redmi 7 (Android 9)</message>
  <nestedLevel>0</nestedLevel>
  <property name="deviceName">Xiaomi Redmi 7 (Android 9)</property>
</record>
<record>
  <date>2019-09-10T12:11:13</date>
  <millis>1568092273013</millis>
  <sequence>294</sequence>
  <level>RUN_DATA</level>
  <class>com.kms.katalon.core.logging.XmlKeywordLogger</class>
  <method>logMessage</method>
  <thread>252</thread>
  <message>deviceModel = Redmi 7</message>
  <nestedLevel>0</nestedLevel>
  <property name="deviceModel">Redmi 7</property>
</record>
<record>
  <date>2019-09-10T12:11:13</date>
  <millis>1568092273014</millis>
  <sequence>295</sequence>
  <level>RUN_DATA</level>
  <class>com.kms.katalon.core.logging.XmlKeywordLogger</class>
  <method>logMessage</method>
  <thread>252</thread>
  <message>deviceManufacturer = Xiaomi</message>
  <nestedLevel>0</nestedLevel>
  <property name="deviceManufacturer">Xiaomi</property>
</record>
<record>
  <date>2019-09-10T12:11:13</date>
  <millis>1568092273014</millis>
  <sequence>296</sequence>
  <level>RUN_DATA</level>
  <class>com.kms.katalon.core.logging.XmlKeywordLogger</class>
  <method>logMessage</method>
  <thread>252</thread>
  <message>deviceOS = Android</message>
  <nestedLevel>0</nestedLevel>
  <property name="deviceOS">Android</property>
</record>
<record>
  <date>2019-09-10T12:11:13</date>
  <millis>1568092273014</millis>
  <sequence>297</sequence>
  <level>RUN_DATA</level>
  <class>com.kms.katalon.core.logging.XmlKeywordLogger</class>
  <method>logMessage</method>
  <thread>252</thread>
  <message>deviceOSVersion = 9</message>
  <nestedLevel>0</nestedLevel>
  <property name="deviceOSVersion">9</property>
</record>
<record>
  <date>2019-09-10T12:13:56</date>
  <millis>1568092436532</millis>
  <sequence>299</sequence>
  <level>RUN_DATA</level>
  <class>com.kms.katalon.core.logging.XmlKeywordLogger</class>
  <method>logMessage</method>
  <thread>261</thread>
  <message>deviceId = f8c9a71</message>
  <nestedLevel>0</nestedLevel>
  <property name="deviceId">f8c9a71</property>
</record>
<record>
  <date>2019-09-10T12:13:56</date>
  <millis>1568092436562</millis>
  <sequence>300</sequence>
  <level>RUN_DATA</level>
  <class>com.kms.katalon.core.logging.XmlKeywordLogger</class>
  <method>logMessage</method>
  <thread>261</thread>
  <message>deviceName = Xiaomi Redmi 7 (Android 9)</message>
  <nestedLevel>0</nestedLevel>
  <property name="deviceName">Xiaomi Redmi 7 (Android 9)</property>
</record>
<record>
  <date>2019-09-10T12:13:56</date>
  <millis>1568092436562</millis>
  <sequence>301</sequence>
  <level>RUN_DATA</level>
  <class>com.kms.katalon.core.logging.XmlKeywordLogger</class>
  <method>logMessage</method>
  <thread>261</thread>
  <message>deviceModel = Redmi 7</message>
  <nestedLevel>0</nestedLevel>
  <property name="deviceModel">Redmi 7</property>
</record>
<record>
  <date>2019-09-10T12:13:56</date>
  <millis>1568092436563</millis>
  <sequence>302</sequence>
  <level>RUN_DATA</level>
  <class>com.kms.katalon.core.logging.XmlKeywordLogger</class>
  <method>logMessage</method>
  <thread>261</thread>
  <message>deviceManufacturer = Xiaomi</message>
  <nestedLevel>0</nestedLevel>
  <property name="deviceManufacturer">Xiaomi</property>
</record>
<record>
  <date>2019-09-10T12:13:56</date>
  <millis>1568092436563</millis>
  <sequence>303</sequence>
  <level>RUN_DATA</level>
  <class>com.kms.katalon.core.logging.XmlKeywordLogger</class>
  <method>logMessage</method>
  <thread>261</thread>
  <message>deviceOS = Android</message>
  <nestedLevel>0</nestedLevel>
  <property name="deviceOS">Android</property>
</record>
<record>
  <date>2019-09-10T12:13:56</date>
  <millis>1568092436564</millis>
  <sequence>304</sequence>
  <level>RUN_DATA</level>
  <class>com.kms.katalon.core.logging.XmlKeywordLogger</class>
  <method>logMessage</method>
  <thread>261</thread>
  <message>deviceOSVersion = 9</message>
  <nestedLevel>0</nestedLevel>
  <property name="deviceOSVersion">9</property>
</record>
<record>
  <date>2019-09-10T12:26:27</date>
  <millis>1568093187573</millis>
  <sequence>309</sequence>
  <level>RUN_DATA</level>
  <class>com.kms.katalon.core.logging.XmlKeywordLogger</class>
  <method>logMessage</method>
  <thread>278</thread>
  <message>deviceId = f8c9a71</message>
  <nestedLevel>0</nestedLevel>
  <property name="deviceId">f8c9a71</property>
</record>
<record>
  <date>2019-09-10T12:26:27</date>
  <millis>1568093187574</millis>
  <sequence>310</sequence>
  <level>RUN_DATA</level>
  <class>com.kms.katalon.core.logging.XmlKeywordLogger</class>
  <method>logMessage</method>
  <thread>278</thread>
  <message>deviceName = Xiaomi Redmi 7 (Android 9)</message>
  <nestedLevel>0</nestedLevel>
  <property name="deviceName">Xiaomi Redmi 7 (Android 9)</property>
</record>
<record>
  <date>2019-09-10T12:26:27</date>
  <millis>1568093187574</millis>
  <sequence>311</sequence>
  <level>RUN_DATA</level>
  <class>com.kms.katalon.core.logging.XmlKeywordLogger</class>
  <method>logMessage</method>
  <thread>278</thread>
  <message>deviceModel = Redmi 7</message>
  <nestedLevel>0</nestedLevel>
  <property name="deviceModel">Redmi 7</property>
</record>
<record>
  <date>2019-09-10T12:26:27</date>
  <millis>1568093187575</millis>
  <sequence>312</sequence>
  <level>RUN_DATA</level>
  <class>com.kms.katalon.core.logging.XmlKeywordLogger</class>
  <method>logMessage</method>
  <thread>278</thread>
  <message>deviceManufacturer = Xiaomi</message>
  <nestedLevel>0</nestedLevel>
  <property name="deviceManufacturer">Xiaomi</property>
</record>
<record>
  <date>2019-09-10T12:26:27</date>
  <millis>1568093187575</millis>
  <sequence>313</sequence>
  <level>RUN_DATA</level>
  <class>com.kms.katalon.core.logging.XmlKeywordLogger</class>
  <method>logMessage</method>
  <thread>278</thread>
  <message>deviceOS = Android</message>
  <nestedLevel>0</nestedLevel>
  <property name="deviceOS">Android</property>
</record>
<record>
  <date>2019-09-10T12:26:27</date>
  <millis>1568093187575</millis>
  <sequence>314</sequence>
  <level>RUN_DATA</level>
  <class>com.kms.katalon.core.logging.XmlKeywordLogger</class>
  <method>logMessage</method>
  <thread>278</thread>
  <message>deviceOSVersion = 9</message>
  <nestedLevel>0</nestedLevel>
  <property name="deviceOSVersion">9</property>
</record>
<record>
  <date>2019-09-10T12:27:39</date>
  <millis>1568093259342</millis>
  <sequence>320</sequence>
  <level>RUN_DATA</level>
  <class>com.kms.katalon.core.logging.XmlKeywordLogger</class>
  <method>logMessage</method>
  <thread>288</thread>
  <message>appiumVersion = 1.8.1</message>
  <nestedLevel>0</nestedLevel>
  <property name="appiumVersion">1.8.1</property>
</record>
<record>
  <date>2019-09-10T12:27:39</date>
  <millis>1568093259454</millis>
  <sequence>321</sequence>
  <level>RUN_DATA</level>
  <class>com.kms.katalon.core.logging.XmlKeywordLogger</class>
  <method>logMessage</method>
  <thread>288</thread>
  <message>deviceId = f8c9a71</message>
  <nestedLevel>0</nestedLevel>
  <property name="deviceId">f8c9a71</property>
</record>
<record>
  <date>2019-09-10T12:27:39</date>
  <millis>1568093259454</millis>
  <sequence>322</sequence>
  <level>RUN_DATA</level>
  <class>com.kms.katalon.core.logging.XmlKeywordLogger</class>
  <method>logMessage</method>
  <thread>288</thread>
  <message>deviceName = Xiaomi Redmi 7 (Android 9)</message>
  <nestedLevel>0</nestedLevel>
  <property name="deviceName">Xiaomi Redmi 7 (Android 9)</property>
</record>
<record>
  <date>2019-09-10T12:27:39</date>
  <millis>1568093259455</millis>
  <sequence>323</sequence>
  <level>RUN_DATA</level>
  <class>com.kms.katalon.core.logging.XmlKeywordLogger</class>
  <method>logMessage</method>
  <thread>288</thread>
  <message>deviceModel = Redmi 7</message>
  <nestedLevel>0</nestedLevel>
  <property name="deviceModel">Redmi 7</property>
</record>
<record>
  <date>2019-09-10T12:27:39</date>
  <millis>1568093259455</millis>
  <sequence>324</sequence>
  <level>RUN_DATA</level>
  <class>com.kms.katalon.core.logging.XmlKeywordLogger</class>
  <method>logMessage</method>
  <thread>288</thread>
  <message>deviceManufacturer = Xiaomi</message>
  <nestedLevel>0</nestedLevel>
  <property name="deviceManufacturer">Xiaomi</property>
</record>
<record>
  <date>2019-09-10T12:27:39</date>
  <millis>1568093259455</millis>
  <sequence>325</sequence>
  <level>RUN_DATA</level>
  <class>com.kms.katalon.core.logging.XmlKeywordLogger</class>
  <method>logMessage</method>
  <thread>288</thread>
  <message>deviceOS = Android</message>
  <nestedLevel>0</nestedLevel>
  <property name="deviceOS">Android</property>
</record>
<record>
  <date>2019-09-10T12:27:39</date>
  <millis>1568093259456</millis>
  <sequence>326</sequence>
  <level>RUN_DATA</level>
  <class>com.kms.katalon.core.logging.XmlKeywordLogger</class>
  <method>logMessage</method>
  <thread>288</thread>
  <message>deviceOSVersion = 9</message>
  <nestedLevel>0</nestedLevel>
  <property name="deviceOSVersion">9</property>
</record>
<record>
  <date>2019-09-10T13:27:23</date>
  <millis>1568096843866</millis>
  <sequence>333</sequence>
  <level>RUN_DATA</level>
  <class>com.kms.katalon.core.logging.XmlKeywordLogger</class>
  <method>logMessage</method>
  <thread>330</thread>
  <message>appiumVersion = 1.8.1</message>
  <nestedLevel>0</nestedLevel>
  <property name="appiumVersion">1.8.1</property>
</record>
<record>
  <date>2019-09-10T13:27:23</date>
  <millis>1568096843927</millis>
  <sequence>334</sequence>
  <level>RUN_DATA</level>
  <class>com.kms.katalon.core.logging.XmlKeywordLogger</class>
  <method>logMessage</method>
  <thread>330</thread>
  <message>deviceId = f8c9a71</message>
  <nestedLevel>0</nestedLevel>
  <property name="deviceId">f8c9a71</property>
</record>
<record>
  <date>2019-09-10T13:27:23</date>
  <millis>1568096843927</millis>
  <sequence>335</sequence>
  <level>RUN_DATA</level>
  <class>com.kms.katalon.core.logging.XmlKeywordLogger</class>
  <method>logMessage</method>
  <thread>330</thread>
  <message>deviceName = Xiaomi Redmi 7 (Android 9)</message>
  <nestedLevel>0</nestedLevel>
  <property name="deviceName">Xiaomi Redmi 7 (Android 9)</property>
</record>
<record>
  <date>2019-09-10T13:27:23</date>
  <millis>1568096843929</millis>
  <sequence>336</sequence>
  <level>RUN_DATA</level>
  <class>com.kms.katalon.core.logging.XmlKeywordLogger</class>
  <method>logMessage</method>
  <thread>330</thread>
  <message>deviceModel = Redmi 7</message>
  <nestedLevel>0</nestedLevel>
  <property name="deviceModel">Redmi 7</property>
</record>
<record>
  <date>2019-09-10T13:27:23</date>
  <millis>1568096843929</millis>
  <sequence>337</sequence>
  <level>RUN_DATA</level>
  <class>com.kms.katalon.core.logging.XmlKeywordLogger</class>
  <method>logMessage</method>
  <thread>330</thread>
  <message>deviceManufacturer = Xiaomi</message>
  <nestedLevel>0</nestedLevel>
  <property name="deviceManufacturer">Xiaomi</property>
</record>
<record>
  <date>2019-09-10T13:27:23</date>
  <millis>1568096843930</millis>
  <sequence>338</sequence>
  <level>RUN_DATA</level>
  <class>com.kms.katalon.core.logging.XmlKeywordLogger</class>
  <method>logMessage</method>
  <thread>330</thread>
  <message>deviceOS = Android</message>
  <nestedLevel>0</nestedLevel>
  <property name="deviceOS">Android</property>
</record>
<record>
  <date>2019-09-10T13:27:23</date>
  <millis>1568096843930</millis>
  <sequence>339</sequence>
  <level>RUN_DATA</level>
  <class>com.kms.katalon.core.logging.XmlKeywordLogger</class>
  <method>logMessage</method>
  <thread>330</thread>
  <message>deviceOSVersion = 9</message>
  <nestedLevel>0</nestedLevel>
  <property name="deviceOSVersion">9</property>
</record>
<record>
  <date>2019-09-10T13:50:52</date>
  <millis>1568098252339</millis>
  <sequence>392</sequence>
  <level>RUN_DATA</level>
  <class>com.kms.katalon.core.logging.XmlKeywordLogger</class>
  <method>logMessage</method>
  <thread>576</thread>
  <message>appiumVersion = 1.8.1</message>
  <nestedLevel>0</nestedLevel>
  <property name="appiumVersion">1.8.1</property>
</record>
<record>
  <date>2019-09-10T13:50:52</date>
  <millis>1568098252387</millis>
  <sequence>393</sequence>
  <level>RUN_DATA</level>
  <class>com.kms.katalon.core.logging.XmlKeywordLogger</class>
  <method>logMessage</method>
  <thread>576</thread>
  <message>deviceId = f8c9a71</message>
  <nestedLevel>0</nestedLevel>
  <property name="deviceId">f8c9a71</property>
</record>
<record>
  <date>2019-09-10T13:50:52</date>
  <millis>1568098252387</millis>
  <sequence>394</sequence>
  <level>RUN_DATA</level>
  <class>com.kms.katalon.core.logging.XmlKeywordLogger</class>
  <method>logMessage</method>
  <thread>576</thread>
  <message>deviceName = Xiaomi Redmi 7 (Android 9)</message>
  <nestedLevel>0</nestedLevel>
  <property name="deviceName">Xiaomi Redmi 7 (Android 9)</property>
</record>
<record>
  <date>2019-09-10T13:50:52</date>
  <millis>1568098252388</millis>
  <sequence>395</sequence>
  <level>RUN_DATA</level>
  <class>com.kms.katalon.core.logging.XmlKeywordLogger</class>
  <method>logMessage</method>
  <thread>576</thread>
  <message>deviceModel = Redmi 7</message>
  <nestedLevel>0</nestedLevel>
  <property name="deviceModel">Redmi 7</property>
</record>
<record>
  <date>2019-09-10T13:50:52</date>
  <millis>1568098252388</millis>
  <sequence>396</sequence>
  <level>RUN_DATA</level>
  <class>com.kms.katalon.core.logging.XmlKeywordLogger</class>
  <method>logMessage</method>
  <thread>576</thread>
  <message>deviceManufacturer = Xiaomi</message>
  <nestedLevel>0</nestedLevel>
  <property name="deviceManufacturer">Xiaomi</property>
</record>
<record>
  <date>2019-09-10T13:50:52</date>
  <millis>1568098252388</millis>
  <sequence>397</sequence>
  <level>RUN_DATA</level>
  <class>com.kms.katalon.core.logging.XmlKeywordLogger</class>
  <method>logMessage</method>
  <thread>576</thread>
  <message>deviceOS = Android</message>
  <nestedLevel>0</nestedLevel>
  <property name="deviceOS">Android</property>
</record>
<record>
  <date>2019-09-10T13:50:52</date>
  <millis>1568098252388</millis>
  <sequence>398</sequence>
  <level>RUN_DATA</level>
  <class>com.kms.katalon.core.logging.XmlKeywordLogger</class>
  <method>logMessage</method>
  <thread>576</thread>
  <message>deviceOSVersion = 9</message>
  <nestedLevel>0</nestedLevel>
  <property name="deviceOSVersion">9</property>
</record>
<record>
  <date>2019-09-10T13:52:47</date>
  <millis>1568098367482</millis>
  <sequence>404</sequence>
  <level>RUN_DATA</level>
  <class>com.kms.katalon.core.logging.XmlKeywordLogger</class>
  <method>logMessage</method>
  <thread>609</thread>
  <message>appiumVersion = 1.8.1</message>
  <nestedLevel>0</nestedLevel>
  <property name="appiumVersion">1.8.1</property>
</record>
<record>
  <date>2019-09-10T13:52:47</date>
  <millis>1568098367553</millis>
  <sequence>405</sequence>
  <level>RUN_DATA</level>
  <class>com.kms.katalon.core.logging.XmlKeywordLogger</class>
  <method>logMessage</method>
  <thread>609</thread>
  <message>deviceId = f8c9a71</message>
  <nestedLevel>0</nestedLevel>
  <property name="deviceId">f8c9a71</property>
</record>
<record>
  <date>2019-09-10T13:52:47</date>
  <millis>1568098367553</millis>
  <sequence>406</sequence>
  <level>RUN_DATA</level>
  <class>com.kms.katalon.core.logging.XmlKeywordLogger</class>
  <method>logMessage</method>
  <thread>609</thread>
  <message>deviceName = Xiaomi Redmi 7 (Android 9)</message>
  <nestedLevel>0</nestedLevel>
  <property name="deviceName">Xiaomi Redmi 7 (Android 9)</property>
</record>
<record>
  <date>2019-09-10T13:52:47</date>
  <millis>1568098367556</millis>
  <sequence>407</sequence>
  <level>RUN_DATA</level>
  <class>com.kms.katalon.core.logging.XmlKeywordLogger</class>
  <method>logMessage</method>
  <thread>609</thread>
  <message>deviceModel = Redmi 7</message>
  <nestedLevel>0</nestedLevel>
  <property name="deviceModel">Redmi 7</property>
</record>
<record>
  <date>2019-09-10T13:52:47</date>
  <millis>1568098367557</millis>
  <sequence>408</sequence>
  <level>RUN_DATA</level>
  <class>com.kms.katalon.core.logging.XmlKeywordLogger</class>
  <method>logMessage</method>
  <thread>609</thread>
  <message>deviceManufacturer = Xiaomi</message>
  <nestedLevel>0</nestedLevel>
  <property name="deviceManufacturer">Xiaomi</property>
</record>
<record>
  <date>2019-09-10T13:52:47</date>
  <millis>1568098367558</millis>
  <sequence>409</sequence>
  <level>RUN_DATA</level>
  <class>com.kms.katalon.core.logging.XmlKeywordLogger</class>
  <method>logMessage</method>
  <thread>609</thread>
  <message>deviceOS = Android</message>
  <nestedLevel>0</nestedLevel>
  <property name="deviceOS">Android</property>
</record>
<record>
  <date>2019-09-10T13:52:47</date>
  <millis>1568098367558</millis>
  <sequence>410</sequence>
  <level>RUN_DATA</level>
  <class>com.kms.katalon.core.logging.XmlKeywordLogger</class>
  <method>logMessage</method>
  <thread>609</thread>
  <message>deviceOSVersion = 9</message>
  <nestedLevel>0</nestedLevel>
  <property name="deviceOSVersion">9</property>
</record>
<record>
  <date>2019-09-10T13:55:07</date>
  <millis>1568098507189</millis>
  <sequence>416</sequence>
  <level>RUN_DATA</level>
  <class>com.kms.katalon.core.logging.XmlKeywordLogger</class>
  <method>logMessage</method>
  <thread>638</thread>
  <message>appiumVersion = 1.8.1</message>
  <nestedLevel>0</nestedLevel>
  <property name="appiumVersion">1.8.1</property>
</record>
<record>
  <date>2019-09-10T13:55:07</date>
  <millis>1568098507246</millis>
  <sequence>417</sequence>
  <level>RUN_DATA</level>
  <class>com.kms.katalon.core.logging.XmlKeywordLogger</class>
  <method>logMessage</method>
  <thread>638</thread>
  <message>deviceId = f8c9a71</message>
  <nestedLevel>0</nestedLevel>
  <property name="deviceId">f8c9a71</property>
</record>
<record>
  <date>2019-09-10T13:55:07</date>
  <millis>1568098507247</millis>
  <sequence>418</sequence>
  <level>RUN_DATA</level>
  <class>com.kms.katalon.core.logging.XmlKeywordLogger</class>
  <method>logMessage</method>
  <thread>638</thread>
  <message>deviceName = Xiaomi Redmi 7 (Android 9)</message>
  <nestedLevel>0</nestedLevel>
  <property name="deviceName">Xiaomi Redmi 7 (Android 9)</property>
</record>
<record>
  <date>2019-09-10T13:55:07</date>
  <millis>1568098507247</millis>
  <sequence>419</sequence>
  <level>RUN_DATA</level>
  <class>com.kms.katalon.core.logging.XmlKeywordLogger</class>
  <method>logMessage</method>
  <thread>638</thread>
  <message>deviceModel = Redmi 7</message>
  <nestedLevel>0</nestedLevel>
  <property name="deviceModel">Redmi 7</property>
</record>
<record>
  <date>2019-09-10T13:55:07</date>
  <millis>1568098507247</millis>
  <sequence>420</sequence>
  <level>RUN_DATA</level>
  <class>com.kms.katalon.core.logging.XmlKeywordLogger</class>
  <method>logMessage</method>
  <thread>638</thread>
  <message>deviceManufacturer = Xiaomi</message>
  <nestedLevel>0</nestedLevel>
  <property name="deviceManufacturer">Xiaomi</property>
</record>
<record>
  <date>2019-09-10T13:55:07</date>
  <millis>1568098507247</millis>
  <sequence>421</sequence>
  <level>RUN_DATA</level>
  <class>com.kms.katalon.core.logging.XmlKeywordLogger</class>
  <method>logMessage</method>
  <thread>638</thread>
  <message>deviceOS = Android</message>
  <nestedLevel>0</nestedLevel>
  <property name="deviceOS">Android</property>
</record>
<record>
  <date>2019-09-10T13:55:07</date>
  <millis>1568098507247</millis>
  <sequence>422</sequence>
  <level>RUN_DATA</level>
  <class>com.kms.katalon.core.logging.XmlKeywordLogger</class>
  <method>logMessage</method>
  <thread>638</thread>
  <message>deviceOSVersion = 9</message>
  <nestedLevel>0</nestedLevel>
  <property name="deviceOSVersion">9</property>
</record>
<record>
  <date>2019-09-10T15:10:10</date>
  <millis>1568103010446</millis>
  <sequence>713</sequence>
  <level>RUN_DATA</level>
  <class>com.kms.katalon.core.logging.XmlKeywordLogger</class>
  <method>logMessage</method>
  <thread>1190</thread>
  <message>appiumVersion = 1.8.1</message>
  <nestedLevel>0</nestedLevel>
  <property name="appiumVersion">1.8.1</property>
</record>
<record>
  <date>2019-09-10T15:10:10</date>
  <millis>1568103010503</millis>
  <sequence>714</sequence>
  <level>RUN_DATA</level>
  <class>com.kms.katalon.core.logging.XmlKeywordLogger</class>
  <method>logMessage</method>
  <thread>1190</thread>
  <message>deviceId = f8c9a71</message>
  <nestedLevel>0</nestedLevel>
  <property name="deviceId">f8c9a71</property>
</record>
<record>
  <date>2019-09-10T15:10:10</date>
  <millis>1568103010503</millis>
  <sequence>715</sequence>
  <level>RUN_DATA</level>
  <class>com.kms.katalon.core.logging.XmlKeywordLogger</class>
  <method>logMessage</method>
  <thread>1190</thread>
  <message>deviceName = Xiaomi Redmi 7 (Android 9)</message>
  <nestedLevel>0</nestedLevel>
  <property name="deviceName">Xiaomi Redmi 7 (Android 9)</property>
</record>
<record>
  <date>2019-09-10T15:10:10</date>
  <millis>1568103010504</millis>
  <sequence>716</sequence>
  <level>RUN_DATA</level>
  <class>com.kms.katalon.core.logging.XmlKeywordLogger</class>
  <method>logMessage</method>
  <thread>1190</thread>
  <message>deviceModel = Redmi 7</message>
  <nestedLevel>0</nestedLevel>
  <property name="deviceModel">Redmi 7</property>
</record>
<record>
  <date>2019-09-10T15:10:10</date>
  <millis>1568103010505</millis>
  <sequence>717</sequence>
  <level>RUN_DATA</level>
  <class>com.kms.katalon.core.logging.XmlKeywordLogger</class>
  <method>logMessage</method>
  <thread>1190</thread>
  <message>deviceManufacturer = Xiaomi</message>
  <nestedLevel>0</nestedLevel>
  <property name="deviceManufacturer">Xiaomi</property>
</record>
<record>
  <date>2019-09-10T15:10:10</date>
  <millis>1568103010506</millis>
  <sequence>718</sequence>
  <level>RUN_DATA</level>
  <class>com.kms.katalon.core.logging.XmlKeywordLogger</class>
  <method>logMessage</method>
  <thread>1190</thread>
  <message>deviceOS = Android</message>
  <nestedLevel>0</nestedLevel>
  <property name="deviceOS">Android</property>
</record>
<record>
  <date>2019-09-10T15:10:10</date>
  <millis>1568103010507</millis>
  <sequence>719</sequence>
  <level>RUN_DATA</level>
  <class>com.kms.katalon.core.logging.XmlKeywordLogger</class>
  <method>logMessage</method>
  <thread>1190</thread>
  <message>deviceOSVersion = 9</message>
  <nestedLevel>0</nestedLevel>
  <property name="deviceOSVersion">9</property>
</record>
